<?xml version="1.0" encoding="UTF-8"?>
<testng-results skipped="0" failed="0" ignored="0" total="3" passed="3">
  <reporter-output>
  </reporter-output>
  <suite name="Default suite" duration-ms="44978" started-at="2019-12-17T15:18:43Z" finished-at="2019-12-17T15:19:28Z">
    <groups>
    </groups>
    <test name="Default test" duration-ms="44978" started-at="2019-12-17T15:18:43Z" finished-at="2019-12-17T15:19:28Z">
      <class name="acial.selenium.exercices.exercice3">
        <test-method status="PASS" signature="setUp()[pri:0, instance:acial.selenium.exercices.exercice3@68c4039c]" name="setUp" is-config="true" duration-ms="10391" started-at="2019-12-17T15:18:43Z" finished-at="2019-12-17T15:18:53Z">
          <reporter-output>
          </reporter-output>
        </test-method> <!-- setUp -->
        <test-method status="PASS" signature="testLogin()[pri:1, instance:acial.selenium.exercices.exercice3@68c4039c]" name="testLogin" duration-ms="7079" started-at="2019-12-17T15:18:53Z" finished-at="2019-12-17T15:19:00Z">
          <reporter-output>
          </reporter-output>
        </test-method> <!-- testLogin -->
        <test-method status="PASS" signature="testAjouterEmploye(java.lang.String, java.lang.String, java.lang.String)[pri:2, instance:acial.selenium.exercices.exercice3@68c4039c]" name="testAjouterEmploye" duration-ms="12712" started-at="2019-12-17T15:19:01Z" data-provider="salarie" finished-at="2019-12-17T15:19:13Z">
          <params>
            <param index="0">
              <value>
                <![CDATA[ole]]>
              </value>
            </param>
            <param index="1">
              <value>
                <![CDATA[gunnar]]>
              </value>
            </param>
            <param index="2">
              <value>
                <![CDATA[3550]]>
              </value>
            </param>
          </params>
          <reporter-output>
          </reporter-output>
        </test-method> <!-- testAjouterEmploye -->
        <test-method status="PASS" signature="testAjouterEmploye(java.lang.String, java.lang.String, java.lang.String)[pri:2, instance:acial.selenium.exercices.exercice3@68c4039c]" name="testAjouterEmploye" duration-ms="13428" started-at="2019-12-17T15:19:13Z" data-provider="salarie" finished-at="2019-12-17T15:19:27Z">
          <params>
            <param index="0">
              <value>
                <![CDATA[erling]]>
              </value>
            </param>
            <param index="1">
              <value>
                <![CDATA[halang]]>
              </value>
            </param>
            <param index="2">
              <value>
                <![CDATA[3566]]>
              </value>
            </param>
          </params>
          <reporter-output>
          </reporter-output>
        </test-method> <!-- testAjouterEmploye -->
        <test-method status="PASS" signature="tearDown()[pri:0, instance:acial.selenium.exercices.exercice3@68c4039c]" name="tearDown" is-config="true" duration-ms="1284" started-at="2019-12-17T15:19:27Z" finished-at="2019-12-17T15:19:28Z">
          <reporter-output>
          </reporter-output>
        </test-method> <!-- tearDown -->
      </class> <!-- acial.selenium.exercices.exercice3 -->
    </test> <!-- Default test -->
  </suite> <!-- Default suite -->
</testng-results>
