<?xml version="1.0" encoding="UTF-8"?>
<!-- Generated by org.testng.reporters.JUnitReportReporter -->
<testsuite skipped="0" hostname="03020MP" name="acial.selenium.exercices.exercice3" tests="3" failures="0" timestamp="17 déc. 2019 15:19:29 GMT" time="33.219" errors="0">
  <testcase name="testLogin" time="7.079" classname="acial.selenium.exercices.exercice3"/>
  <testcase name="testAjouterEmploye" time="12.712" classname="acial.selenium.exercices.exercice3"/>
  <testcase name="testAjouterEmploye" time="13.428" classname="acial.selenium.exercices.exercice3"/>
</testsuite> <!-- acial.selenium.exercices.exercice3 -->
