<?xml version="1.0" encoding="UTF-8"?>
<!-- Generated by org.testng.reporters.JUnitReportReporter -->
<testsuite skipped="0" hostname="03020MP" name="acial.selenium.exercices.exercice2" tests="4" failures="0" timestamp="17 déc. 2019 14:51:36 GMT" time="33.267" errors="0">
  <testcase name="testLogin" time="3.484" classname="acial.selenium.exercices.exercice2"/>
  <testcase name="testAjouterEmploye" time="18.963" classname="acial.selenium.exercices.exercice2"/>
  <testcase name="testRechercherEmployeParId" time="8.894" classname="acial.selenium.exercices.exercice2"/>
  <testcase name="testLogout" time="1.926" classname="acial.selenium.exercices.exercice2"/>
</testsuite> <!-- acial.selenium.exercices.exercice2 -->
